assignment.html     http://outreach.vlabs.ac.in/
feedback.html     http://outreach.vlabs.ac.in/
index.html     http://outreach.vlabs.ac.in/
performance-report.html     http://vlab.co.in
procedure.html     http://outreach.vlabs.ac.in/
theory.html     http://outreach.vlabs.ac.in/
validator-report.html     http://vlab.co.in
simulation/fine-grained/content.html     http://www.sakshat.ac.in/
simulation/fine-grained/content.html     http://outreach.vlabs.ac.in/
simulation/fine-grained/content.html     http://vlab.co.in/faq
simulation/fine-grained/default.html     http://en.wikipedia.org/wiki/
                Simple_harmonic_motion
simulation/fine-grained/default.html     http://www.physics.uoguelph.ca/
                tutorials/shm/Q.shm.html
simulation/fine-grained/default.html     http://surendranath.tripod.com/Applets/
                Oscillations/SHM/SHMApplet.html
simulation/fine-grained/default.html     http://www.sakshat.ac.in/
simulation/fine-grained/default.html     http://outreach.vlabs.ac.in/
simulation/fine-grained/default.html     http://vlab.co.in/faq
simulation/fine-grained/template1.html     http://vlabs.ac.in/index.html
simulation/fine-grained/template1.html     http://vlabs.ac.in/index.html
simulation/fine-grained/template1.html     http://vlabs.ac.in/index.html#partner
simulation/fine-grained/template1.html     http://vlabs.ac.in/index.html#contact
simulation/fine-grained/template1.html     http://www.sakshat.ac.in/
simulation/fine-grained/template1.html     http://outreach.vlabs.ac.in/
simulation/fine-grained/template1.html     http://vlab.co.in/faq
simulation/images/quiz.html     http://www.mcli.dist.maricopa.edu/eye/code/jsquiz.zip
simulation/fine-grained/images/quiz.html     http://www.mcli.dist.maricopa.edu/eye/code/jsquiz.zip
